running egg_info
writing ../../build/pose_estimation/pose_estimation.egg-info/PKG-INFO
writing dependency_links to ../../build/pose_estimation/pose_estimation.egg-info/dependency_links.txt
writing entry points to ../../build/pose_estimation/pose_estimation.egg-info/entry_points.txt
writing requirements to ../../build/pose_estimation/pose_estimation.egg-info/requires.txt
writing top-level names to ../../build/pose_estimation/pose_estimation.egg-info/top_level.txt
reading manifest file '../../build/pose_estimation/pose_estimation.egg-info/SOURCES.txt'
writing manifest file '../../build/pose_estimation/pose_estimation.egg-info/SOURCES.txt'
running build
running build_py
copying pose_estimation/aruco_node.py -> /home/astrobotics/arcuo/build/pose_estimation/build/lib/pose_estimation
running install
running install_lib
copying /home/astrobotics/arcuo/build/pose_estimation/build/lib/pose_estimation/aruco_node.py -> /home/astrobotics/arcuo/install/pose_estimation/lib/python3.10/site-packages/pose_estimation
byte-compiling /home/astrobotics/arcuo/install/pose_estimation/lib/python3.10/site-packages/pose_estimation/aruco_node.py to aruco_node.cpython-310.pyc
running install_data
running install_egg_info
removing '/home/astrobotics/arcuo/install/pose_estimation/lib/python3.10/site-packages/pose_estimation-0.0.0-py3.10.egg-info' (and everything under it)
Copying ../../build/pose_estimation/pose_estimation.egg-info to /home/astrobotics/arcuo/install/pose_estimation/lib/python3.10/site-packages/pose_estimation-0.0.0-py3.10.egg-info
running install_scripts
Installing aruco_node script to /home/astrobotics/arcuo/install/pose_estimation/lib/pose_estimation
writing list of installed files to '/home/astrobotics/arcuo/build/pose_estimation/install.log'
