running egg_info
creating ../../build/pose_estimation/pose_estimation.egg-info
writing ../../build/pose_estimation/pose_estimation.egg-info/PKG-INFO
writing dependency_links to ../../build/pose_estimation/pose_estimation.egg-info/dependency_links.txt
writing entry points to ../../build/pose_estimation/pose_estimation.egg-info/entry_points.txt
writing requirements to ../../build/pose_estimation/pose_estimation.egg-info/requires.txt
writing top-level names to ../../build/pose_estimation/pose_estimation.egg-info/top_level.txt
writing manifest file '../../build/pose_estimation/pose_estimation.egg-info/SOURCES.txt'
reading manifest file '../../build/pose_estimation/pose_estimation.egg-info/SOURCES.txt'
writing manifest file '../../build/pose_estimation/pose_estimation.egg-info/SOURCES.txt'
running build
running build_py
creating /home/astrobotics/arcuo/build/pose_estimation/build
creating /home/astrobotics/arcuo/build/pose_estimation/build/lib
creating /home/astrobotics/arcuo/build/pose_estimation/build/lib/pose_estimation
copying pose_estimation/__init__.py -> /home/astrobotics/arcuo/build/pose_estimation/build/lib/pose_estimation
copying pose_estimation/aruco_node.py -> /home/astrobotics/arcuo/build/pose_estimation/build/lib/pose_estimation
running install
running install_lib
creating /home/astrobotics/arcuo/install/pose_estimation/lib/python3.10/site-packages/pose_estimation
copying /home/astrobotics/arcuo/build/pose_estimation/build/lib/pose_estimation/__init__.py -> /home/astrobotics/arcuo/install/pose_estimation/lib/python3.10/site-packages/pose_estimation
copying /home/astrobotics/arcuo/build/pose_estimation/build/lib/pose_estimation/aruco_node.py -> /home/astrobotics/arcuo/install/pose_estimation/lib/python3.10/site-packages/pose_estimation
byte-compiling /home/astrobotics/arcuo/install/pose_estimation/lib/python3.10/site-packages/pose_estimation/__init__.py to __init__.cpython-310.pyc
byte-compiling /home/astrobotics/arcuo/install/pose_estimation/lib/python3.10/site-packages/pose_estimation/aruco_node.py to aruco_node.cpython-310.pyc
running install_data
creating /home/astrobotics/arcuo/install/pose_estimation/share/ament_index
creating /home/astrobotics/arcuo/install/pose_estimation/share/ament_index/resource_index
creating /home/astrobotics/arcuo/install/pose_estimation/share/ament_index/resource_index/packages
copying resource/pose_estimation -> /home/astrobotics/arcuo/install/pose_estimation/share/ament_index/resource_index/packages
copying package.xml -> /home/astrobotics/arcuo/install/pose_estimation/share/pose_estimation
running install_egg_info
Copying ../../build/pose_estimation/pose_estimation.egg-info to /home/astrobotics/arcuo/install/pose_estimation/lib/python3.10/site-packages/pose_estimation-0.0.0-py3.10.egg-info
running install_scripts
Installing aruco_node script to /home/astrobotics/arcuo/install/pose_estimation/lib/pose_estimation
writing list of installed files to '/home/astrobotics/arcuo/build/pose_estimation/install.log'
