[0.000000] (-) TimerEvent: {}
[0.001064] (my_camera) JobQueued: {'identifier': 'my_camera', 'dependencies': OrderedDict()}
[0.001412] (pose_estimation) JobQueued: {'identifier': 'pose_estimation', 'dependencies': OrderedDict()}
[0.001695] (my_camera) JobStarted: {'identifier': 'my_camera'}
[0.018653] (pose_estimation) JobStarted: {'identifier': 'pose_estimation'}
[0.099061] (-) TimerEvent: {}
[0.199774] (-) TimerEvent: {}
[0.300506] (-) TimerEvent: {}
[0.401248] (-) TimerEvent: {}
[0.501981] (-) TimerEvent: {}
[0.602724] (-) TimerEvent: {}
[0.703397] (-) TimerEvent: {}
[0.803934] (-) TimerEvent: {}
[0.904465] (-) TimerEvent: {}
[1.005112] (-) TimerEvent: {}
[1.105731] (-) TimerEvent: {}
[1.206344] (-) TimerEvent: {}
[1.306926] (-) TimerEvent: {}
[1.407535] (-) TimerEvent: {}
[1.508181] (-) TimerEvent: {}
[1.608799] (-) TimerEvent: {}
[1.709413] (-) TimerEvent: {}
[1.810094] (-) TimerEvent: {}
[1.910723] (-) TimerEvent: {}
[1.986706] (pose_estimation) Command: {'cmd': ['/usr/bin/python3', '-W', 'ignore:setup.py install is deprecated', 'setup.py', 'egg_info', '--egg-base', '../../build/pose_estimation', 'build', '--build-base', '/home/astrobotics/arcuo/build/pose_estimation/build', 'install', '--record', '/home/astrobotics/arcuo/build/pose_estimation/install.log', '--single-version-externally-managed', 'install_data'], 'cwd': '/home/astrobotics/arcuo/src/pose_estimation', 'env': {'USER': 'astrobotics', 'XDG_SESSION_TYPE': 'x11', 'SHLVL': '1', 'LD_LIBRARY_PATH': '/home/astrobotics/ros2_ws/install/zed_msgs/lib:/opt/ros/humble/opt/rviz_ogre_vendor/lib:/opt/ros/humble/lib/aarch64-linux-gnu:/opt/ros/humble/lib', 'HOME': '/home/astrobotics', 'OLDPWD': '/home/astrobotics', 'DESKTOP_SESSION': 'ubuntu', 'ROS_PYTHON_VERSION': '3', 'GNOME_SHELL_SESSION_MODE': 'ubuntu', 'GTK_MODULES': 'gail:atk-bridge', 'SYSTEMD_EXEC_PID': '2367', 'DBUS_SESSION_BUS_ADDRESS': 'unix:path=/run/user/1000/bus', 'COLORTERM': 'truecolor', 'IM_CONFIG_PHASE': '1', 'COLCON_PREFIX_PATH': '/home/astrobotics/arcuo/install:/home/astrobotics/ros2_ws/install', 'ROS_DISTRO': 'humble', 'GTK_IM_MODULE': 'ibus', 'LOGNAME': 'astrobotics', '_': '/usr/bin/colcon', 'ROS_VERSION': '2', 'XDG_SESSION_CLASS': 'user', 'USERNAME': 'astrobotics', 'TERM': 'xterm-256color', 'GNOME_DESKTOP_SESSION_ID': 'this-is-deprecated', 'ISAAC_ROS_WS': '/home/astrobotics/workspaces/isaac_ros-dev/', 'ROS_LOCALHOST_ONLY': '0', 'WINDOWPATH': '2', 'PATH': '/home/astrobotics/.local/bin:/opt/ros/humble/bin:/usr/local/sbin:/usr/local/bin:/usr/sbin:/usr/bin:/sbin:/bin:/usr/games:/usr/local/games:/snap/bin:/snap/bin', 'SESSION_MANAGER': 'local/astrobotics-desktop:@/tmp/.ICE-unix/2349,unix/astrobotics-desktop:/tmp/.ICE-unix/2349', 'XDG_MENU_PREFIX': 'gnome-', 'GNOME_TERMINAL_SCREEN': '/org/gnome/Terminal/screen/9769b179_75c7_4398_b235_3faa018d7212', 'XDG_RUNTIME_DIR': '/run/user/1000', 'DISPLAY': ':1', 'LANG': 'en_US.UTF-8', 'XDG_CURRENT_DESKTOP': 'ubuntu:GNOME', 'XMODIFIERS': '@im=ibus', 'XDG_SESSION_DESKTOP': 'ubuntu', 'XAUTHORITY': '/run/user/1000/gdm/Xauthority', 'GNOME_TERMINAL_SERVICE': ':1.104', 'SSH_AGENT_LAUNCHER': 'gnome-keyring', 'SSH_AUTH_SOCK': '/run/user/1000/keyring/ssh', 'AMENT_PREFIX_PATH': '/home/astrobotics/arcuo/install/pose_estimation:/home/astrobotics/arcuo/install/my_camera:/home/astrobotics/ros2_ws/install/zed_msgs:/opt/ros/humble', 'SHELL': '/bin/bash', 'QT_ACCESSIBILITY': '1', 'GDMSESSION': 'ubuntu', 'GPG_AGENT_INFO': '/run/user/1000/gnupg/S.gpg-agent:0:1', 'QT_IM_MODULE': 'ibus', 'PWD': '/home/astrobotics/arcuo/build/pose_estimation', 'LC_ALL': 'en_US.UTF-8', 'XDG_CONFIG_DIRS': '/etc/xdg/xdg-ubuntu:/etc/xdg', 'XDG_DATA_DIRS': '/usr/share/ubuntu:/usr/share/gnome:/usr/local/share/:/usr/share/:/var/lib/snapd/desktop', 'PYTHONPATH': '/home/astrobotics/arcuo/build/pose_estimation/prefix_override:/usr/lib/python3/dist-packages/colcon_core/task/python/colcon_distutils_commands:/home/astrobotics/arcuo/install/pose_estimation/lib/python3.10/site-packages:/home/astrobotics/arcuo/install/pose_estimation/lib/python3.10/site-packages:/home/astrobotics/arcuo/install/my_camera/lib/python3.10/site-packages:/home/astrobotics/ros2_ws/install/zed_msgs/local/lib/python3.10/dist-packages:/opt/ros/humble/lib/python3.10/site-packages:/opt/ros/humble/local/lib/python3.10/dist-packages', 'COLCON': '1', 'VTE_VERSION': '6800', 'CMAKE_PREFIX_PATH': '/home/astrobotics/ros2_ws/install/zed_msgs'}, 'shell': False}
[2.000000] (my_camera) Command: {'cmd': ['/usr/bin/python3', '-W', 'ignore:setup.py install is deprecated', 'setup.py', 'egg_info', '--egg-base', '../../build/my_camera', 'build', '--build-base', '/home/astrobotics/arcuo/build/my_camera/build', 'install', '--record', '/home/astrobotics/arcuo/build/my_camera/install.log', '--single-version-externally-managed', 'install_data'], 'cwd': '/home/astrobotics/arcuo/src/my_camera', 'env': {'USER': 'astrobotics', 'XDG_SESSION_TYPE': 'x11', 'SHLVL': '1', 'LD_LIBRARY_PATH': '/home/astrobotics/ros2_ws/install/zed_msgs/lib:/opt/ros/humble/opt/rviz_ogre_vendor/lib:/opt/ros/humble/lib/aarch64-linux-gnu:/opt/ros/humble/lib', 'HOME': '/home/astrobotics', 'OLDPWD': '/home/astrobotics', 'DESKTOP_SESSION': 'ubuntu', 'ROS_PYTHON_VERSION': '3', 'GNOME_SHELL_SESSION_MODE': 'ubuntu', 'GTK_MODULES': 'gail:atk-bridge', 'SYSTEMD_EXEC_PID': '2367', 'DBUS_SESSION_BUS_ADDRESS': 'unix:path=/run/user/1000/bus', 'COLORTERM': 'truecolor', 'IM_CONFIG_PHASE': '1', 'COLCON_PREFIX_PATH': '/home/astrobotics/arcuo/install:/home/astrobotics/ros2_ws/install', 'ROS_DISTRO': 'humble', 'GTK_IM_MODULE': 'ibus', 'LOGNAME': 'astrobotics', '_': '/usr/bin/colcon', 'ROS_VERSION': '2', 'XDG_SESSION_CLASS': 'user', 'USERNAME': 'astrobotics', 'TERM': 'xterm-256color', 'GNOME_DESKTOP_SESSION_ID': 'this-is-deprecated', 'ISAAC_ROS_WS': '/home/astrobotics/workspaces/isaac_ros-dev/', 'ROS_LOCALHOST_ONLY': '0', 'WINDOWPATH': '2', 'PATH': '/home/astrobotics/.local/bin:/opt/ros/humble/bin:/usr/local/sbin:/usr/local/bin:/usr/sbin:/usr/bin:/sbin:/bin:/usr/games:/usr/local/games:/snap/bin:/snap/bin', 'SESSION_MANAGER': 'local/astrobotics-desktop:@/tmp/.ICE-unix/2349,unix/astrobotics-desktop:/tmp/.ICE-unix/2349', 'XDG_MENU_PREFIX': 'gnome-', 'GNOME_TERMINAL_SCREEN': '/org/gnome/Terminal/screen/9769b179_75c7_4398_b235_3faa018d7212', 'XDG_RUNTIME_DIR': '/run/user/1000', 'DISPLAY': ':1', 'LANG': 'en_US.UTF-8', 'XDG_CURRENT_DESKTOP': 'ubuntu:GNOME', 'XMODIFIERS': '@im=ibus', 'XDG_SESSION_DESKTOP': 'ubuntu', 'XAUTHORITY': '/run/user/1000/gdm/Xauthority', 'GNOME_TERMINAL_SERVICE': ':1.104', 'SSH_AGENT_LAUNCHER': 'gnome-keyring', 'SSH_AUTH_SOCK': '/run/user/1000/keyring/ssh', 'AMENT_PREFIX_PATH': '/home/astrobotics/arcuo/install/pose_estimation:/home/astrobotics/arcuo/install/my_camera:/home/astrobotics/ros2_ws/install/zed_msgs:/opt/ros/humble', 'SHELL': '/bin/bash', 'QT_ACCESSIBILITY': '1', 'GDMSESSION': 'ubuntu', 'GPG_AGENT_INFO': '/run/user/1000/gnupg/S.gpg-agent:0:1', 'QT_IM_MODULE': 'ibus', 'PWD': '/home/astrobotics/arcuo/build/my_camera', 'LC_ALL': 'en_US.UTF-8', 'XDG_CONFIG_DIRS': '/etc/xdg/xdg-ubuntu:/etc/xdg', 'XDG_DATA_DIRS': '/usr/share/ubuntu:/usr/share/gnome:/usr/local/share/:/usr/share/:/var/lib/snapd/desktop', 'PYTHONPATH': '/home/astrobotics/arcuo/build/my_camera/prefix_override:/usr/lib/python3/dist-packages/colcon_core/task/python/colcon_distutils_commands:/home/astrobotics/arcuo/install/my_camera/lib/python3.10/site-packages:/home/astrobotics/arcuo/install/pose_estimation/lib/python3.10/site-packages:/home/astrobotics/arcuo/install/my_camera/lib/python3.10/site-packages:/home/astrobotics/ros2_ws/install/zed_msgs/local/lib/python3.10/dist-packages:/opt/ros/humble/lib/python3.10/site-packages:/opt/ros/humble/local/lib/python3.10/dist-packages', 'COLCON': '1', 'VTE_VERSION': '6800', 'CMAKE_PREFIX_PATH': '/home/astrobotics/ros2_ws/install/zed_msgs'}, 'shell': False}
[2.010851] (-) TimerEvent: {}
[2.111524] (-) TimerEvent: {}
[2.212154] (-) TimerEvent: {}
[2.312773] (-) TimerEvent: {}
[2.413377] (-) TimerEvent: {}
[2.501836] (my_camera) StdoutLine: {'line': b'running egg_info\n'}
[2.502363] (pose_estimation) StdoutLine: {'line': b'running egg_info\n'}
[2.503152] (pose_estimation) StdoutLine: {'line': b'writing ../../build/pose_estimation/pose_estimation.egg-info/PKG-INFO\n'}
[2.503343] (my_camera) StdoutLine: {'line': b'writing ../../build/my_camera/my_camera.egg-info/PKG-INFO\n'}
[2.503682] (pose_estimation) StdoutLine: {'line': b'writing dependency_links to ../../build/pose_estimation/pose_estimation.egg-info/dependency_links.txt\n'}
[2.503909] (my_camera) StdoutLine: {'line': b'writing dependency_links to ../../build/my_camera/my_camera.egg-info/dependency_links.txt\n'}
[2.504151] (pose_estimation) StdoutLine: {'line': b'writing entry points to ../../build/pose_estimation/pose_estimation.egg-info/entry_points.txt\n'}
[2.504400] (pose_estimation) StdoutLine: {'line': b'writing requirements to ../../build/pose_estimation/pose_estimation.egg-info/requires.txt\n'}
[2.504625] (pose_estimation) StdoutLine: {'line': b'writing top-level names to ../../build/pose_estimation/pose_estimation.egg-info/top_level.txt\n'}
[2.504824] (my_camera) StdoutLine: {'line': b'writing entry points to ../../build/my_camera/my_camera.egg-info/entry_points.txt\n'}
[2.504966] (my_camera) StdoutLine: {'line': b'writing requirements to ../../build/my_camera/my_camera.egg-info/requires.txt\n'}
[2.505092] (my_camera) StdoutLine: {'line': b'writing top-level names to ../../build/my_camera/my_camera.egg-info/top_level.txt\n'}
[2.508246] (pose_estimation) StdoutLine: {'line': b"reading manifest file '../../build/pose_estimation/pose_estimation.egg-info/SOURCES.txt'\n"}
[2.508529] (my_camera) StdoutLine: {'line': b"reading manifest file '../../build/my_camera/my_camera.egg-info/SOURCES.txt'\n"}
[2.508996] (my_camera) StdoutLine: {'line': b"adding license file 'LICENSE'\n"}
[2.509833] (pose_estimation) StdoutLine: {'line': b"writing manifest file '../../build/pose_estimation/pose_estimation.egg-info/SOURCES.txt'\n"}
[2.510190] (pose_estimation) StdoutLine: {'line': b'running build\n'}
[2.510337] (pose_estimation) StdoutLine: {'line': b'running build_py\n'}
[2.510514] (my_camera) StdoutLine: {'line': b"writing manifest file '../../build/my_camera/my_camera.egg-info/SOURCES.txt'\n"}
[2.510741] (pose_estimation) StdoutLine: {'line': b'copying pose_estimation/aruco_node.py -> /home/astrobotics/arcuo/build/pose_estimation/build/lib/pose_estimation\n'}
[2.510909] (my_camera) StdoutLine: {'line': b'running build\n'}
[2.511036] (my_camera) StdoutLine: {'line': b'running build_py\n'}
[2.511238] (pose_estimation) StdoutLine: {'line': b'running install\n'}
[2.511437] (my_camera) StdoutLine: {'line': b'running install\n'}
[2.511847] (pose_estimation) StdoutLine: {'line': b'running install_lib\n'}
[2.512078] (my_camera) StdoutLine: {'line': b'running install_lib\n'}
[2.513429] (-) TimerEvent: {}
[2.513770] (pose_estimation) StdoutLine: {'line': b'copying /home/astrobotics/arcuo/build/pose_estimation/build/lib/pose_estimation/aruco_node.py -> /home/astrobotics/arcuo/install/pose_estimation/lib/python3.10/site-packages/pose_estimation\n'}
[2.514945] (pose_estimation) StdoutLine: {'line': b'byte-compiling /home/astrobotics/arcuo/install/pose_estimation/lib/python3.10/site-packages/pose_estimation/aruco_node.py to aruco_node.cpython-310.pyc\n'}
[2.515161] (my_camera) StdoutLine: {'line': b'running install_data\n'}
[2.515342] (my_camera) StdoutLine: {'line': b'running install_egg_info\n'}
[2.517050] (pose_estimation) StdoutLine: {'line': b'running install_data\n'}
[2.517327] (pose_estimation) StdoutLine: {'line': b'running install_egg_info\n'}
[2.518729] (my_camera) StdoutLine: {'line': b"removing '/home/astrobotics/arcuo/install/my_camera/lib/python3.10/site-packages/my_camera-0.0.0-py3.10.egg-info' (and everything under it)\n"}
[2.519450] (my_camera) StdoutLine: {'line': b'Copying ../../build/my_camera/my_camera.egg-info to /home/astrobotics/arcuo/install/my_camera/lib/python3.10/site-packages/my_camera-0.0.0-py3.10.egg-info\n'}
[2.520804] (pose_estimation) StdoutLine: {'line': b"removing '/home/astrobotics/arcuo/install/pose_estimation/lib/python3.10/site-packages/pose_estimation-0.0.0-py3.10.egg-info' (and everything under it)\n"}
[2.521376] (my_camera) StdoutLine: {'line': b'running install_scripts\n'}
[2.521617] (pose_estimation) StdoutLine: {'line': b'Copying ../../build/pose_estimation/pose_estimation.egg-info to /home/astrobotics/arcuo/install/pose_estimation/lib/python3.10/site-packages/pose_estimation-0.0.0-py3.10.egg-info\n'}
[2.523358] (pose_estimation) StdoutLine: {'line': b'running install_scripts\n'}
[2.566000] (my_camera) StdoutLine: {'line': b'Installing ip_stream_node script to /home/astrobotics/arcuo/install/my_camera/lib/my_camera\n'}
[2.566514] (my_camera) StdoutLine: {'line': b'Installing usbcam_node script to /home/astrobotics/arcuo/install/my_camera/lib/my_camera\n'}
[2.566801] (pose_estimation) StdoutLine: {'line': b'Installing aruco_node script to /home/astrobotics/arcuo/install/pose_estimation/lib/pose_estimation\n'}
[2.567010] (my_camera) StdoutLine: {'line': b'Installing webcam_node script to /home/astrobotics/arcuo/install/my_camera/lib/my_camera\n'}
[2.567642] (pose_estimation) StdoutLine: {'line': b"writing list of installed files to '/home/astrobotics/arcuo/build/pose_estimation/install.log'\n"}
[2.567877] (my_camera) StdoutLine: {'line': b"writing list of installed files to '/home/astrobotics/arcuo/build/my_camera/install.log'\n"}
[2.613628] (-) TimerEvent: {}
[2.636909] (my_camera) CommandEnded: {'returncode': 0}
[2.676609] (my_camera) JobEnded: {'identifier': 'my_camera', 'rc': 0}
[2.681977] (pose_estimation) CommandEnded: {'returncode': 0}
[2.705383] (pose_estimation) JobEnded: {'identifier': 'pose_estimation', 'rc': 0}
[2.707799] (-) EventReactorShutdown: {}
