[0.229s] DEBUG:colcon:Command line arguments: ['/usr/bin/colcon', 'build', '--symlink-install']
[0.229s] DEBUG:colcon:Parsed command line arguments: Namespace(log_base=None, log_level=None, verb_name='build', build_base='build', install_base='install', merge_install=False, symlink_install=True, test_result_base=None, continue_on_error=False, executor='parallel', parallel_workers=6, event_handlers=None, ignore_user_meta=False, metas=['./colcon.meta'], base_paths=['.'], packages_ignore=None, packages_ignore_regex=None, paths=None, packages_up_to=None, packages_up_to_regex=None, packages_above=None, packages_above_and_dependencies=None, packages_above_depth=None, packages_select_by_dep=None, packages_skip_by_dep=None, packages_skip_up_to=None, packages_select_build_failed=False, packages_skip_build_finished=False, packages_select_test_failures=False, packages_skip_test_passed=False, packages_select=None, packages_skip=None, packages_select_regex=None, packages_skip_regex=None, packages_start=None, packages_end=None, allow_overriding=[], cmake_args=None, cmake_target=None, cmake_target_skip_unavailable=False, cmake_clean_cache=False, cmake_clean_first=False, cmake_force_configure=False, ament_cmake_args=None, catkin_cmake_args=None, catkin_skip_building_tests=False, mixin_files=None, mixin=None, verb_parser=<colcon_mixin.mixin.mixin_argument.MixinArgumentDecorator object at 0xffffa69d6290>, verb_extension=<colcon_core.verb.build.BuildVerb object at 0xffffa69d58d0>, main=<bound method BuildVerb.main of <colcon_core.verb.build.BuildVerb object at 0xffffa69d58d0>>, mixin_verb=('build',))
[0.588s] Level 1:colcon.colcon_core.package_discovery:discover_packages(colcon_meta) check parameters
[0.588s] Level 1:colcon.colcon_core.package_discovery:discover_packages(recursive) check parameters
[0.588s] Level 1:colcon.colcon_core.package_discovery:discover_packages(ignore) check parameters
[0.589s] Level 1:colcon.colcon_core.package_discovery:discover_packages(path) check parameters
[0.589s] Level 1:colcon.colcon_core.package_discovery:discover_packages(colcon_meta) discover
[0.589s] Level 1:colcon.colcon_core.package_discovery:discover_packages(recursive) discover
[0.589s] INFO:colcon.colcon_core.package_discovery:Crawling recursively for packages in '/home/astrobotics/arcuo'
[0.589s] Level 1:colcon.colcon_core.package_identification:_identify(.) by extensions ['ignore', 'ignore_ament_install']
[0.591s] Level 1:colcon.colcon_core.package_identification:_identify(.) by extension 'ignore'
[0.591s] Level 1:colcon.colcon_core.package_identification:_identify(.) by extension 'ignore_ament_install'
[0.591s] Level 1:colcon.colcon_core.package_identification:_identify(.) by extensions ['colcon_pkg']
[0.591s] Level 1:colcon.colcon_core.package_identification:_identify(.) by extension 'colcon_pkg'
[0.591s] Level 1:colcon.colcon_core.package_identification:_identify(.) by extensions ['colcon_meta']
[0.591s] Level 1:colcon.colcon_core.package_identification:_identify(.) by extension 'colcon_meta'
[0.591s] Level 1:colcon.colcon_core.package_identification:_identify(.) by extensions ['ros']
[0.591s] Level 1:colcon.colcon_core.package_identification:_identify(.) by extension 'ros'
[0.614s] Level 1:colcon.colcon_core.package_identification:_identify(.) by extensions ['cmake', 'python']
[0.614s] Level 1:colcon.colcon_core.package_identification:_identify(.) by extension 'cmake'
[0.614s] Level 1:colcon.colcon_core.package_identification:_identify(.) by extension 'python'
[0.614s] Level 1:colcon.colcon_core.package_identification:_identify(.) by extensions ['python_setup_py']
[0.614s] Level 1:colcon.colcon_core.package_identification:_identify(.) by extension 'python_setup_py'
[0.614s] Level 1:colcon.colcon_core.package_identification:_identify(build) by extensions ['ignore', 'ignore_ament_install']
[0.615s] Level 1:colcon.colcon_core.package_identification:_identify(build) by extension 'ignore'
[0.615s] Level 1:colcon.colcon_core.package_identification:_identify(build) ignored
[0.615s] Level 1:colcon.colcon_core.package_identification:_identify(install) by extensions ['ignore', 'ignore_ament_install']
[0.615s] Level 1:colcon.colcon_core.package_identification:_identify(install) by extension 'ignore'
[0.615s] Level 1:colcon.colcon_core.package_identification:_identify(install) ignored
[0.616s] Level 1:colcon.colcon_core.package_identification:_identify(log) by extensions ['ignore', 'ignore_ament_install']
[0.616s] Level 1:colcon.colcon_core.package_identification:_identify(log) by extension 'ignore'
[0.616s] Level 1:colcon.colcon_core.package_identification:_identify(log) ignored
[0.616s] Level 1:colcon.colcon_core.package_identification:_identify(src) by extensions ['ignore', 'ignore_ament_install']
[0.616s] Level 1:colcon.colcon_core.package_identification:_identify(src) by extension 'ignore'
[0.616s] Level 1:colcon.colcon_core.package_identification:_identify(src) by extension 'ignore_ament_install'
[0.617s] Level 1:colcon.colcon_core.package_identification:_identify(src) by extensions ['colcon_pkg']
[0.617s] Level 1:colcon.colcon_core.package_identification:_identify(src) by extension 'colcon_pkg'
[0.617s] Level 1:colcon.colcon_core.package_identification:_identify(src) by extensions ['colcon_meta']
[0.617s] Level 1:colcon.colcon_core.package_identification:_identify(src) by extension 'colcon_meta'
[0.617s] Level 1:colcon.colcon_core.package_identification:_identify(src) by extensions ['ros']
[0.617s] Level 1:colcon.colcon_core.package_identification:_identify(src) by extension 'ros'
[0.617s] Level 1:colcon.colcon_core.package_identification:_identify(src) by extensions ['cmake', 'python']
[0.617s] Level 1:colcon.colcon_core.package_identification:_identify(src) by extension 'cmake'
[0.617s] Level 1:colcon.colcon_core.package_identification:_identify(src) by extension 'python'
[0.617s] Level 1:colcon.colcon_core.package_identification:_identify(src) by extensions ['python_setup_py']
[0.618s] Level 1:colcon.colcon_core.package_identification:_identify(src) by extension 'python_setup_py'
[0.618s] Level 1:colcon.colcon_core.package_identification:_identify(src/my_camera) by extensions ['ignore', 'ignore_ament_install']
[0.618s] Level 1:colcon.colcon_core.package_identification:_identify(src/my_camera) by extension 'ignore'
[0.618s] Level 1:colcon.colcon_core.package_identification:_identify(src/my_camera) by extension 'ignore_ament_install'
[0.618s] Level 1:colcon.colcon_core.package_identification:_identify(src/my_camera) by extensions ['colcon_pkg']
[0.618s] Level 1:colcon.colcon_core.package_identification:_identify(src/my_camera) by extension 'colcon_pkg'
[0.618s] Level 1:colcon.colcon_core.package_identification:_identify(src/my_camera) by extensions ['colcon_meta']
[0.618s] Level 1:colcon.colcon_core.package_identification:_identify(src/my_camera) by extension 'colcon_meta'
[0.619s] Level 1:colcon.colcon_core.package_identification:_identify(src/my_camera) by extensions ['ros']
[0.619s] Level 1:colcon.colcon_core.package_identification:_identify(src/my_camera) by extension 'ros'
[0.623s] DEBUG:colcon.colcon_core.package_identification:Package 'src/my_camera' with type 'ros.ament_python' and name 'my_camera'
[0.624s] Level 1:colcon.colcon_core.package_identification:_identify(src/pose_estimation) by extensions ['ignore', 'ignore_ament_install']
[0.624s] Level 1:colcon.colcon_core.package_identification:_identify(src/pose_estimation) by extension 'ignore'
[0.624s] Level 1:colcon.colcon_core.package_identification:_identify(src/pose_estimation) by extension 'ignore_ament_install'
[0.624s] Level 1:colcon.colcon_core.package_identification:_identify(src/pose_estimation) by extensions ['colcon_pkg']
[0.624s] Level 1:colcon.colcon_core.package_identification:_identify(src/pose_estimation) by extension 'colcon_pkg'
[0.624s] Level 1:colcon.colcon_core.package_identification:_identify(src/pose_estimation) by extensions ['colcon_meta']
[0.624s] Level 1:colcon.colcon_core.package_identification:_identify(src/pose_estimation) by extension 'colcon_meta'
[0.624s] Level 1:colcon.colcon_core.package_identification:_identify(src/pose_estimation) by extensions ['ros']
[0.625s] Level 1:colcon.colcon_core.package_identification:_identify(src/pose_estimation) by extension 'ros'
[0.626s] DEBUG:colcon.colcon_core.package_identification:Package 'src/pose_estimation' with type 'ros.ament_python' and name 'pose_estimation'
[0.626s] Level 1:colcon.colcon_core.package_discovery:discover_packages(recursive) using defaults
[0.626s] Level 1:colcon.colcon_core.package_discovery:discover_packages(ignore) discover
[0.626s] Level 1:colcon.colcon_core.package_discovery:discover_packages(ignore) using defaults
[0.626s] Level 1:colcon.colcon_core.package_discovery:discover_packages(path) discover
[0.626s] Level 1:colcon.colcon_core.package_discovery:discover_packages(path) using defaults
[0.695s] Level 1:colcon.colcon_core.package_discovery:discover_packages(prefix_path) check parameters
[0.695s] Level 1:colcon.colcon_core.package_discovery:discover_packages(prefix_path) discover
[0.699s] DEBUG:colcon.colcon_installed_package_information.package_discovery:Found 2 installed packages in /home/astrobotics/arcuo/install
[0.700s] DEBUG:colcon.colcon_installed_package_information.package_discovery:Found 2 installed packages in /home/astrobotics/ros2_ws/install
[0.703s] DEBUG:colcon.colcon_installed_package_information.package_discovery:Found 288 installed packages in /opt/ros/humble
[0.705s] Level 1:colcon.colcon_core.package_discovery:discover_packages(prefix_path) using defaults
[0.785s] Level 5:colcon.colcon_core.verb:set package 'my_camera' build argument 'cmake_args' from command line to 'None'
[0.785s] Level 5:colcon.colcon_core.verb:set package 'my_camera' build argument 'cmake_target' from command line to 'None'
[0.785s] Level 5:colcon.colcon_core.verb:set package 'my_camera' build argument 'cmake_target_skip_unavailable' from command line to 'False'
[0.785s] Level 5:colcon.colcon_core.verb:set package 'my_camera' build argument 'cmake_clean_cache' from command line to 'False'
[0.785s] Level 5:colcon.colcon_core.verb:set package 'my_camera' build argument 'cmake_clean_first' from command line to 'False'
[0.785s] Level 5:colcon.colcon_core.verb:set package 'my_camera' build argument 'cmake_force_configure' from command line to 'False'
[0.786s] Level 5:colcon.colcon_core.verb:set package 'my_camera' build argument 'ament_cmake_args' from command line to 'None'
[0.786s] Level 5:colcon.colcon_core.verb:set package 'my_camera' build argument 'catkin_cmake_args' from command line to 'None'
[0.786s] Level 5:colcon.colcon_core.verb:set package 'my_camera' build argument 'catkin_skip_building_tests' from command line to 'False'
[0.786s] DEBUG:colcon.colcon_core.verb:Building package 'my_camera' with the following arguments: {'ament_cmake_args': None, 'build_base': '/home/astrobotics/arcuo/build/my_camera', 'catkin_cmake_args': None, 'catkin_skip_building_tests': False, 'cmake_args': None, 'cmake_clean_cache': False, 'cmake_clean_first': False, 'cmake_force_configure': False, 'cmake_target': None, 'cmake_target_skip_unavailable': False, 'install_base': '/home/astrobotics/arcuo/install/my_camera', 'merge_install': False, 'path': '/home/astrobotics/arcuo/src/my_camera', 'symlink_install': True, 'test_result_base': None}
[0.786s] Level 5:colcon.colcon_core.verb:set package 'pose_estimation' build argument 'cmake_args' from command line to 'None'
[0.787s] Level 5:colcon.colcon_core.verb:set package 'pose_estimation' build argument 'cmake_target' from command line to 'None'
[0.787s] Level 5:colcon.colcon_core.verb:set package 'pose_estimation' build argument 'cmake_target_skip_unavailable' from command line to 'False'
[0.787s] Level 5:colcon.colcon_core.verb:set package 'pose_estimation' build argument 'cmake_clean_cache' from command line to 'False'
[0.787s] Level 5:colcon.colcon_core.verb:set package 'pose_estimation' build argument 'cmake_clean_first' from command line to 'False'
[0.787s] Level 5:colcon.colcon_core.verb:set package 'pose_estimation' build argument 'cmake_force_configure' from command line to 'False'
[0.787s] Level 5:colcon.colcon_core.verb:set package 'pose_estimation' build argument 'ament_cmake_args' from command line to 'None'
[0.787s] Level 5:colcon.colcon_core.verb:set package 'pose_estimation' build argument 'catkin_cmake_args' from command line to 'None'
[0.787s] Level 5:colcon.colcon_core.verb:set package 'pose_estimation' build argument 'catkin_skip_building_tests' from command line to 'False'
[0.787s] DEBUG:colcon.colcon_core.verb:Building package 'pose_estimation' with the following arguments: {'ament_cmake_args': None, 'build_base': '/home/astrobotics/arcuo/build/pose_estimation', 'catkin_cmake_args': None, 'catkin_skip_building_tests': False, 'cmake_args': None, 'cmake_clean_cache': False, 'cmake_clean_first': False, 'cmake_force_configure': False, 'cmake_target': None, 'cmake_target_skip_unavailable': False, 'install_base': '/home/astrobotics/arcuo/install/pose_estimation', 'merge_install': False, 'path': '/home/astrobotics/arcuo/src/pose_estimation', 'symlink_install': True, 'test_result_base': None}
[0.787s] INFO:colcon.colcon_core.executor:Executing jobs using 'parallel' executor
[0.790s] DEBUG:colcon.colcon_parallel_executor.executor.parallel:run_until_complete
[0.790s] INFO:colcon.colcon_ros.task.ament_python.build:Building ROS package in '/home/astrobotics/arcuo/src/my_camera' with build type 'ament_python'
[0.790s] Level 1:colcon.colcon_core.shell:create_environment_hook('my_camera', 'ament_prefix_path')
[0.794s] INFO:colcon.colcon_core.plugin_system:Skipping extension 'colcon_core.shell.bat': Not used on non-Windows systems
[0.795s] INFO:colcon.colcon_core.shell:Creating environment hook '/home/astrobotics/arcuo/install/my_camera/share/my_camera/hook/ament_prefix_path.ps1'
[0.797s] INFO:colcon.colcon_core.shell:Creating environment descriptor '/home/astrobotics/arcuo/install/my_camera/share/my_camera/hook/ament_prefix_path.dsv'
[0.798s] INFO:colcon.colcon_core.shell:Creating environment hook '/home/astrobotics/arcuo/install/my_camera/share/my_camera/hook/ament_prefix_path.sh'
[0.800s] INFO:colcon.colcon_core.shell:Skip shell extension 'powershell' for command environment: Not usable outside of PowerShell
[0.800s] DEBUG:colcon.colcon_core.shell:Skip shell extension 'dsv' for command environment
[0.809s] INFO:colcon.colcon_ros.task.ament_python.build:Building ROS package in '/home/astrobotics/arcuo/src/pose_estimation' with build type 'ament_python'
[0.809s] Level 1:colcon.colcon_core.shell:create_environment_hook('pose_estimation', 'ament_prefix_path')
[0.810s] INFO:colcon.colcon_core.shell:Creating environment hook '/home/astrobotics/arcuo/install/pose_estimation/share/pose_estimation/hook/ament_prefix_path.ps1'
[0.811s] INFO:colcon.colcon_core.shell:Creating environment descriptor '/home/astrobotics/arcuo/install/pose_estimation/share/pose_estimation/hook/ament_prefix_path.dsv'
[0.812s] INFO:colcon.colcon_core.shell:Creating environment hook '/home/astrobotics/arcuo/install/pose_estimation/share/pose_estimation/hook/ament_prefix_path.sh'
[0.813s] INFO:colcon.colcon_core.shell:Skip shell extension 'powershell' for command environment: Not usable outside of PowerShell
[0.813s] DEBUG:colcon.colcon_core.shell:Skip shell extension 'dsv' for command environment
[1.379s] INFO:colcon.colcon_core.task.python.build:Building Python package in '/home/astrobotics/arcuo/src/my_camera'
[1.380s] INFO:colcon.colcon_core.shell:Skip shell extension 'powershell' for command environment: Not usable outside of PowerShell
[1.380s] DEBUG:colcon.colcon_core.shell:Skip shell extension 'dsv' for command environment
[1.931s] INFO:colcon.colcon_core.task.python.build:Building Python package in '/home/astrobotics/arcuo/src/pose_estimation'
[1.932s] INFO:colcon.colcon_core.shell:Skip shell extension 'powershell' for command environment: Not usable outside of PowerShell
[1.932s] DEBUG:colcon.colcon_core.shell:Skip shell extension 'dsv' for command environment
[2.768s] DEBUG:colcon.colcon_core.task.python.build:While undoing a previous installation files outside the Python library path are being ignored: /home/astrobotics/arcuo/install/pose_estimation/share/ament_index/resource_index/packages/pose_estimation
[2.768s] DEBUG:colcon.colcon_core.task.python.build:While undoing a previous installation files outside the Python library path are being ignored: /home/astrobotics/arcuo/install/pose_estimation/share/pose_estimation/package.xml
[2.769s] DEBUG:colcon.colcon_core.task.python.build:While undoing a previous installation files outside the Python library path are being ignored: /home/astrobotics/arcuo/install/pose_estimation/lib/pose_estimation/aruco_node
[2.772s] DEBUG:colcon.colcon_core.event_handler.log_command:Invoking command in '/home/astrobotics/arcuo/build/pose_estimation': PYTHONPATH=/home/astrobotics/arcuo/build/pose_estimation/prefix_override:/usr/lib/python3/dist-packages/colcon_core/task/python/colcon_distutils_commands:/home/astrobotics/arcuo/install/pose_estimation/lib/python3.10/site-packages:${PYTHONPATH} /usr/bin/python3 -W ignore:setup.py install is deprecated setup.py develop --editable --build-directory /home/astrobotics/arcuo/build/pose_estimation/build --no-deps symlink_data --force
[2.782s] DEBUG:colcon.colcon_core.task.python.build:While undoing a previous installation files outside the Python library path are being ignored: /home/astrobotics/arcuo/install/my_camera/share/ament_index/resource_index/packages/my_camera
[2.782s] DEBUG:colcon.colcon_core.task.python.build:While undoing a previous installation files outside the Python library path are being ignored: /home/astrobotics/arcuo/install/my_camera/share/my_camera/package.xml
[2.783s] DEBUG:colcon.colcon_core.task.python.build:While undoing a previous installation files outside the Python library path are being ignored: /home/astrobotics/arcuo/install/my_camera/lib/my_camera/ip_stream_node
[2.783s] DEBUG:colcon.colcon_core.task.python.build:While undoing a previous installation files outside the Python library path are being ignored: /home/astrobotics/arcuo/install/my_camera/lib/my_camera/usbcam_node
[2.783s] DEBUG:colcon.colcon_core.task.python.build:While undoing a previous installation files outside the Python library path are being ignored: /home/astrobotics/arcuo/install/my_camera/lib/my_camera/webcam_node
[2.789s] DEBUG:colcon.colcon_core.event_handler.log_command:Invoking command in '/home/astrobotics/arcuo/build/my_camera': PYTHONPATH=/home/astrobotics/arcuo/build/my_camera/prefix_override:/usr/lib/python3/dist-packages/colcon_core/task/python/colcon_distutils_commands:/home/astrobotics/arcuo/install/my_camera/lib/python3.10/site-packages:${PYTHONPATH} /usr/bin/python3 -W ignore:setup.py install is deprecated setup.py develop --editable --build-directory /home/astrobotics/arcuo/build/my_camera/build --no-deps symlink_data --force
[3.919s] Level 1:colcon.colcon_core.shell:create_environment_hook('my_camera', 'pythonpath_develop')
[3.920s] INFO:colcon.colcon_core.shell:Creating environment hook '/home/astrobotics/arcuo/build/my_camera/share/my_camera/hook/pythonpath_develop.ps1'
[3.922s] INFO:colcon.colcon_core.shell:Creating environment descriptor '/home/astrobotics/arcuo/build/my_camera/share/my_camera/hook/pythonpath_develop.dsv'
[3.923s] INFO:colcon.colcon_core.shell:Creating environment hook '/home/astrobotics/arcuo/build/my_camera/share/my_camera/hook/pythonpath_develop.sh'
[3.924s] DEBUG:colcon.colcon_core.event_handler.log_command:Invoked command in '/home/astrobotics/arcuo/build/my_camera' returned '0': PYTHONPATH=/home/astrobotics/arcuo/build/my_camera/prefix_override:/usr/lib/python3/dist-packages/colcon_core/task/python/colcon_distutils_commands:/home/astrobotics/arcuo/install/my_camera/lib/python3.10/site-packages:${PYTHONPATH} /usr/bin/python3 -W ignore:setup.py install is deprecated setup.py develop --editable --build-directory /home/astrobotics/arcuo/build/my_camera/build --no-deps symlink_data --force
[3.932s] Level 1:colcon.colcon_core.environment:checking '/home/astrobotics/arcuo/install/my_camera' for CMake module files
[3.933s] Level 1:colcon.colcon_core.environment:checking '/home/astrobotics/arcuo/install/my_camera' for CMake config files
[3.935s] Level 1:colcon.colcon_core.environment:checking '/home/astrobotics/arcuo/install/my_camera/lib'
[3.936s] Level 1:colcon.colcon_core.environment:checking '/home/astrobotics/arcuo/install/my_camera/bin'
[3.937s] Level 1:colcon.colcon_core.environment:checking '/home/astrobotics/arcuo/install/my_camera/lib/pkgconfig/my_camera.pc'
[3.937s] Level 1:colcon.colcon_core.environment:checking '/home/astrobotics/arcuo/install/my_camera/lib/python3.10/site-packages'
[3.938s] Level 1:colcon.colcon_core.shell:create_environment_hook('my_camera', 'pythonpath')
[3.939s] INFO:colcon.colcon_core.shell:Creating environment hook '/home/astrobotics/arcuo/install/my_camera/share/my_camera/hook/pythonpath.ps1'
[3.942s] INFO:colcon.colcon_core.shell:Creating environment descriptor '/home/astrobotics/arcuo/install/my_camera/share/my_camera/hook/pythonpath.dsv'
[3.943s] INFO:colcon.colcon_core.shell:Creating environment hook '/home/astrobotics/arcuo/install/my_camera/share/my_camera/hook/pythonpath.sh'
[3.945s] Level 1:colcon.colcon_core.environment:checking '/home/astrobotics/arcuo/install/my_camera/bin'
[3.945s] Level 1:colcon.colcon_core.environment:create_environment_scripts_only(my_camera)
[3.946s] INFO:colcon.colcon_core.shell:Creating package script '/home/astrobotics/arcuo/install/my_camera/share/my_camera/package.ps1'
[3.948s] INFO:colcon.colcon_core.shell:Creating package descriptor '/home/astrobotics/arcuo/install/my_camera/share/my_camera/package.dsv'
[3.949s] INFO:colcon.colcon_core.shell:Creating package script '/home/astrobotics/arcuo/install/my_camera/share/my_camera/package.sh'
[3.951s] INFO:colcon.colcon_core.shell:Creating package script '/home/astrobotics/arcuo/install/my_camera/share/my_camera/package.bash'
[3.953s] INFO:colcon.colcon_core.shell:Creating package script '/home/astrobotics/arcuo/install/my_camera/share/my_camera/package.zsh'
[3.955s] Level 1:colcon.colcon_core.environment:create_file_with_runtime_dependencies(/home/astrobotics/arcuo/install/my_camera/share/colcon-core/packages/my_camera)
[3.957s] Level 1:colcon.colcon_core.shell:create_environment_hook('pose_estimation', 'pythonpath_develop')
[3.958s] DEBUG:colcon.colcon_core.event_handler.log_command:Invoked command in '/home/astrobotics/arcuo/build/pose_estimation' returned '0': PYTHONPATH=/home/astrobotics/arcuo/build/pose_estimation/prefix_override:/usr/lib/python3/dist-packages/colcon_core/task/python/colcon_distutils_commands:/home/astrobotics/arcuo/install/pose_estimation/lib/python3.10/site-packages:${PYTHONPATH} /usr/bin/python3 -W ignore:setup.py install is deprecated setup.py develop --editable --build-directory /home/astrobotics/arcuo/build/pose_estimation/build --no-deps symlink_data --force
[3.959s] INFO:colcon.colcon_core.shell:Creating environment hook '/home/astrobotics/arcuo/build/pose_estimation/share/pose_estimation/hook/pythonpath_develop.ps1'
[3.960s] INFO:colcon.colcon_core.shell:Creating environment descriptor '/home/astrobotics/arcuo/build/pose_estimation/share/pose_estimation/hook/pythonpath_develop.dsv'
[3.961s] INFO:colcon.colcon_core.shell:Creating environment hook '/home/astrobotics/arcuo/build/pose_estimation/share/pose_estimation/hook/pythonpath_develop.sh'
[3.962s] Level 1:colcon.colcon_core.environment:checking '/home/astrobotics/arcuo/install/pose_estimation' for CMake module files
[3.962s] Level 1:colcon.colcon_core.environment:checking '/home/astrobotics/arcuo/install/pose_estimation' for CMake config files
[3.963s] Level 1:colcon.colcon_core.environment:checking '/home/astrobotics/arcuo/install/pose_estimation/lib'
[3.964s] Level 1:colcon.colcon_core.environment:checking '/home/astrobotics/arcuo/install/pose_estimation/bin'
[3.964s] Level 1:colcon.colcon_core.environment:checking '/home/astrobotics/arcuo/install/pose_estimation/lib/pkgconfig/pose_estimation.pc'
[3.964s] Level 1:colcon.colcon_core.environment:checking '/home/astrobotics/arcuo/install/pose_estimation/lib/python3.10/site-packages'
[3.964s] Level 1:colcon.colcon_core.shell:create_environment_hook('pose_estimation', 'pythonpath')
[3.965s] INFO:colcon.colcon_core.shell:Creating environment hook '/home/astrobotics/arcuo/install/pose_estimation/share/pose_estimation/hook/pythonpath.ps1'
[3.966s] INFO:colcon.colcon_core.shell:Creating environment descriptor '/home/astrobotics/arcuo/install/pose_estimation/share/pose_estimation/hook/pythonpath.dsv'
[3.966s] INFO:colcon.colcon_core.shell:Creating environment hook '/home/astrobotics/arcuo/install/pose_estimation/share/pose_estimation/hook/pythonpath.sh'
[3.968s] Level 1:colcon.colcon_core.environment:checking '/home/astrobotics/arcuo/install/pose_estimation/bin'
[3.968s] Level 1:colcon.colcon_core.environment:create_environment_scripts_only(pose_estimation)
[3.969s] INFO:colcon.colcon_core.shell:Creating package script '/home/astrobotics/arcuo/install/pose_estimation/share/pose_estimation/package.ps1'
[3.970s] INFO:colcon.colcon_core.shell:Creating package descriptor '/home/astrobotics/arcuo/install/pose_estimation/share/pose_estimation/package.dsv'
[3.971s] INFO:colcon.colcon_core.shell:Creating package script '/home/astrobotics/arcuo/install/pose_estimation/share/pose_estimation/package.sh'
[3.972s] INFO:colcon.colcon_core.shell:Creating package script '/home/astrobotics/arcuo/install/pose_estimation/share/pose_estimation/package.bash'
[3.973s] INFO:colcon.colcon_core.shell:Creating package script '/home/astrobotics/arcuo/install/pose_estimation/share/pose_estimation/package.zsh'
[3.973s] Level 1:colcon.colcon_core.environment:create_file_with_runtime_dependencies(/home/astrobotics/arcuo/install/pose_estimation/share/colcon-core/packages/pose_estimation)
[3.975s] DEBUG:colcon.colcon_parallel_executor.executor.parallel:closing loop
[3.975s] DEBUG:colcon.colcon_parallel_executor.executor.parallel:loop closed
[3.976s] DEBUG:colcon.colcon_parallel_executor.executor.parallel:run_until_complete finished with '0'
[3.976s] DEBUG:colcon.colcon_core.event_reactor:joining thread
[3.990s] INFO:colcon.colcon_core.plugin_system:Skipping extension 'colcon_notification.desktop_notification.terminal_notifier': Not used on non-Darwin systems
[3.991s] INFO:colcon.colcon_core.plugin_system:Skipping extension 'colcon_notification.desktop_notification.win32': Not used on non-Windows systems
[3.991s] INFO:colcon.colcon_notification.desktop_notification:Sending desktop notification using 'notify2'
[4.029s] DEBUG:colcon.colcon_core.event_reactor:joined thread
[4.030s] INFO:colcon.colcon_core.shell:Creating prefix script '/home/astrobotics/arcuo/install/local_setup.ps1'
[4.033s] INFO:colcon.colcon_core.shell:Creating prefix util module '/home/astrobotics/arcuo/install/_local_setup_util_ps1.py'
[4.036s] INFO:colcon.colcon_core.shell:Creating prefix chain script '/home/astrobotics/arcuo/install/setup.ps1'
[4.040s] INFO:colcon.colcon_core.shell:Creating prefix script '/home/astrobotics/arcuo/install/local_setup.sh'
[4.041s] INFO:colcon.colcon_core.shell:Creating prefix util module '/home/astrobotics/arcuo/install/_local_setup_util_sh.py'
[4.043s] INFO:colcon.colcon_core.shell:Creating prefix chain script '/home/astrobotics/arcuo/install/setup.sh'
[4.046s] INFO:colcon.colcon_core.shell:Creating prefix script '/home/astrobotics/arcuo/install/local_setup.bash'
[4.047s] INFO:colcon.colcon_core.shell:Creating prefix chain script '/home/astrobotics/arcuo/install/setup.bash'
[4.050s] INFO:colcon.colcon_core.shell:Creating prefix script '/home/astrobotics/arcuo/install/local_setup.zsh'
[4.051s] INFO:colcon.colcon_core.shell:Creating prefix chain script '/home/astrobotics/arcuo/install/setup.zsh'
