[0.000000] (-) TimerEvent: {}
[0.000579] (my_camera) JobQueued: {'identifier': 'my_camera', 'dependencies': OrderedDict()}
[0.001115] (pose_estimation) JobQueued: {'identifier': 'pose_estimation', 'dependencies': OrderedDict()}
[0.001399] (my_camera) JobStarted: {'identifier': 'my_camera'}
[0.019144] (pose_estimation) JobStarted: {'identifier': 'pose_estimation'}
[0.099468] (-) TimerEvent: {}
[0.200010] (-) TimerEvent: {}
[0.300629] (-) TimerEvent: {}
[0.401418] (-) TimerEvent: {}
[0.501995] (-) TimerEvent: {}
[0.602637] (-) TimerEvent: {}
[0.703442] (-) TimerEvent: {}
[0.803928] (-) TimerEvent: {}
[0.904505] (-) TimerEvent: {}
[1.005102] (-) TimerEvent: {}
[1.105721] (-) TimerEvent: {}
[1.206412] (-) TimerEvent: {}
[1.307267] (-) TimerEvent: {}
[1.407886] (-) TimerEvent: {}
[1.508484] (-) TimerEvent: {}
[1.609094] (-) TimerEvent: {}
[1.709677] (-) TimerEvent: {}
[1.810282] (-) TimerEvent: {}
[1.910914] (-) TimerEvent: {}
[1.961807] (pose_estimation) Command: {'cmd': ['/usr/bin/python3', '-W', 'ignore:setup.py install is deprecated', 'setup.py', 'egg_info', '--egg-base', '../../build/pose_estimation', 'build', '--build-base', '/home/astrobotics/arcuo/build/pose_estimation/build', 'install', '--record', '/home/astrobotics/arcuo/build/pose_estimation/install.log', '--single-version-externally-managed', 'install_data'], 'cwd': '/home/astrobotics/arcuo/src/pose_estimation', 'env': {'USER': 'astrobotics', 'XDG_SESSION_TYPE': 'x11', 'SHLVL': '1', 'LD_LIBRARY_PATH': '/home/astrobotics/ros2_ws/install/zed_msgs/lib:/opt/ros/humble/opt/rviz_ogre_vendor/lib:/opt/ros/humble/lib/aarch64-linux-gnu:/opt/ros/humble/lib', 'HOME': '/home/astrobotics', 'OLDPWD': '/home/astrobotics', 'DESKTOP_SESSION': 'ubuntu', 'ROS_PYTHON_VERSION': '3', 'GNOME_SHELL_SESSION_MODE': 'ubuntu', 'GTK_MODULES': 'gail:atk-bridge', 'SYSTEMD_EXEC_PID': '2367', 'DBUS_SESSION_BUS_ADDRESS': 'unix:path=/run/user/1000/bus', 'COLORTERM': 'truecolor', 'IM_CONFIG_PHASE': '1', 'COLCON_PREFIX_PATH': '/home/astrobotics/arcuo/install:/home/astrobotics/ros2_ws/install', 'ROS_DISTRO': 'humble', 'GTK_IM_MODULE': 'ibus', 'LOGNAME': 'astrobotics', '_': '/usr/bin/colcon', 'ROS_VERSION': '2', 'XDG_SESSION_CLASS': 'user', 'USERNAME': 'astrobotics', 'TERM': 'xterm-256color', 'GNOME_DESKTOP_SESSION_ID': 'this-is-deprecated', 'ISAAC_ROS_WS': '/home/astrobotics/workspaces/isaac_ros-dev/', 'ROS_LOCALHOST_ONLY': '0', 'WINDOWPATH': '2', 'PATH': '/home/astrobotics/.local/bin:/opt/ros/humble/bin:/usr/local/sbin:/usr/local/bin:/usr/sbin:/usr/bin:/sbin:/bin:/usr/games:/usr/local/games:/snap/bin:/snap/bin', 'SESSION_MANAGER': 'local/astrobotics-desktop:@/tmp/.ICE-unix/2349,unix/astrobotics-desktop:/tmp/.ICE-unix/2349', 'XDG_MENU_PREFIX': 'gnome-', 'GNOME_TERMINAL_SCREEN': '/org/gnome/Terminal/screen/9769b179_75c7_4398_b235_3faa018d7212', 'XDG_RUNTIME_DIR': '/run/user/1000', 'DISPLAY': ':1', 'LANG': 'en_US.UTF-8', 'XDG_CURRENT_DESKTOP': 'ubuntu:GNOME', 'XMODIFIERS': '@im=ibus', 'XDG_SESSION_DESKTOP': 'ubuntu', 'XAUTHORITY': '/run/user/1000/gdm/Xauthority', 'GNOME_TERMINAL_SERVICE': ':1.104', 'SSH_AGENT_LAUNCHER': 'gnome-keyring', 'SSH_AUTH_SOCK': '/run/user/1000/keyring/ssh', 'AMENT_PREFIX_PATH': '/home/astrobotics/arcuo/install/pose_estimation:/home/astrobotics/arcuo/install/my_camera:/home/astrobotics/ros2_ws/install/zed_msgs:/opt/ros/humble', 'SHELL': '/bin/bash', 'QT_ACCESSIBILITY': '1', 'GDMSESSION': 'ubuntu', 'GPG_AGENT_INFO': '/run/user/1000/gnupg/S.gpg-agent:0:1', 'QT_IM_MODULE': 'ibus', 'PWD': '/home/astrobotics/arcuo/build/pose_estimation', 'LC_ALL': 'en_US.UTF-8', 'XDG_CONFIG_DIRS': '/etc/xdg/xdg-ubuntu:/etc/xdg', 'XDG_DATA_DIRS': '/usr/share/ubuntu:/usr/share/gnome:/usr/local/share/:/usr/share/:/var/lib/snapd/desktop', 'PYTHONPATH': '/home/astrobotics/arcuo/build/pose_estimation/prefix_override:/usr/lib/python3/dist-packages/colcon_core/task/python/colcon_distutils_commands:/home/astrobotics/arcuo/install/pose_estimation/lib/python3.10/site-packages:/home/astrobotics/arcuo/install/pose_estimation/lib/python3.10/site-packages:/home/astrobotics/arcuo/install/my_camera/lib/python3.10/site-packages:/home/astrobotics/ros2_ws/install/zed_msgs/local/lib/python3.10/dist-packages:/opt/ros/humble/lib/python3.10/site-packages:/opt/ros/humble/local/lib/python3.10/dist-packages', 'COLCON': '1', 'VTE_VERSION': '6800', 'CMAKE_PREFIX_PATH': '/home/astrobotics/ros2_ws/install/zed_msgs'}, 'shell': False}
[1.973930] (my_camera) Command: {'cmd': ['/usr/bin/python3', '-W', 'ignore:setup.py install is deprecated', 'setup.py', 'egg_info', '--egg-base', '../../build/my_camera', 'build', '--build-base', '/home/astrobotics/arcuo/build/my_camera/build', 'install', '--record', '/home/astrobotics/arcuo/build/my_camera/install.log', '--single-version-externally-managed', 'install_data'], 'cwd': '/home/astrobotics/arcuo/src/my_camera', 'env': {'USER': 'astrobotics', 'XDG_SESSION_TYPE': 'x11', 'SHLVL': '1', 'LD_LIBRARY_PATH': '/home/astrobotics/ros2_ws/install/zed_msgs/lib:/opt/ros/humble/opt/rviz_ogre_vendor/lib:/opt/ros/humble/lib/aarch64-linux-gnu:/opt/ros/humble/lib', 'HOME': '/home/astrobotics', 'OLDPWD': '/home/astrobotics', 'DESKTOP_SESSION': 'ubuntu', 'ROS_PYTHON_VERSION': '3', 'GNOME_SHELL_SESSION_MODE': 'ubuntu', 'GTK_MODULES': 'gail:atk-bridge', 'SYSTEMD_EXEC_PID': '2367', 'DBUS_SESSION_BUS_ADDRESS': 'unix:path=/run/user/1000/bus', 'COLORTERM': 'truecolor', 'IM_CONFIG_PHASE': '1', 'COLCON_PREFIX_PATH': '/home/astrobotics/arcuo/install:/home/astrobotics/ros2_ws/install', 'ROS_DISTRO': 'humble', 'GTK_IM_MODULE': 'ibus', 'LOGNAME': 'astrobotics', '_': '/usr/bin/colcon', 'ROS_VERSION': '2', 'XDG_SESSION_CLASS': 'user', 'USERNAME': 'astrobotics', 'TERM': 'xterm-256color', 'GNOME_DESKTOP_SESSION_ID': 'this-is-deprecated', 'ISAAC_ROS_WS': '/home/astrobotics/workspaces/isaac_ros-dev/', 'ROS_LOCALHOST_ONLY': '0', 'WINDOWPATH': '2', 'PATH': '/home/astrobotics/.local/bin:/opt/ros/humble/bin:/usr/local/sbin:/usr/local/bin:/usr/sbin:/usr/bin:/sbin:/bin:/usr/games:/usr/local/games:/snap/bin:/snap/bin', 'SESSION_MANAGER': 'local/astrobotics-desktop:@/tmp/.ICE-unix/2349,unix/astrobotics-desktop:/tmp/.ICE-unix/2349', 'XDG_MENU_PREFIX': 'gnome-', 'GNOME_TERMINAL_SCREEN': '/org/gnome/Terminal/screen/9769b179_75c7_4398_b235_3faa018d7212', 'XDG_RUNTIME_DIR': '/run/user/1000', 'DISPLAY': ':1', 'LANG': 'en_US.UTF-8', 'XDG_CURRENT_DESKTOP': 'ubuntu:GNOME', 'XMODIFIERS': '@im=ibus', 'XDG_SESSION_DESKTOP': 'ubuntu', 'XAUTHORITY': '/run/user/1000/gdm/Xauthority', 'GNOME_TERMINAL_SERVICE': ':1.104', 'SSH_AGENT_LAUNCHER': 'gnome-keyring', 'SSH_AUTH_SOCK': '/run/user/1000/keyring/ssh', 'AMENT_PREFIX_PATH': '/home/astrobotics/arcuo/install/pose_estimation:/home/astrobotics/arcuo/install/my_camera:/home/astrobotics/ros2_ws/install/zed_msgs:/opt/ros/humble', 'SHELL': '/bin/bash', 'QT_ACCESSIBILITY': '1', 'GDMSESSION': 'ubuntu', 'GPG_AGENT_INFO': '/run/user/1000/gnupg/S.gpg-agent:0:1', 'QT_IM_MODULE': 'ibus', 'PWD': '/home/astrobotics/arcuo/build/my_camera', 'LC_ALL': 'en_US.UTF-8', 'XDG_CONFIG_DIRS': '/etc/xdg/xdg-ubuntu:/etc/xdg', 'XDG_DATA_DIRS': '/usr/share/ubuntu:/usr/share/gnome:/usr/local/share/:/usr/share/:/var/lib/snapd/desktop', 'PYTHONPATH': '/home/astrobotics/arcuo/build/my_camera/prefix_override:/usr/lib/python3/dist-packages/colcon_core/task/python/colcon_distutils_commands:/home/astrobotics/arcuo/install/my_camera/lib/python3.10/site-packages:/home/astrobotics/arcuo/install/pose_estimation/lib/python3.10/site-packages:/home/astrobotics/arcuo/install/my_camera/lib/python3.10/site-packages:/home/astrobotics/ros2_ws/install/zed_msgs/local/lib/python3.10/dist-packages:/opt/ros/humble/lib/python3.10/site-packages:/opt/ros/humble/local/lib/python3.10/dist-packages', 'COLCON': '1', 'VTE_VERSION': '6800', 'CMAKE_PREFIX_PATH': '/home/astrobotics/ros2_ws/install/zed_msgs'}, 'shell': False}
[2.011010] (-) TimerEvent: {}
[2.111566] (-) TimerEvent: {}
[2.212176] (-) TimerEvent: {}
[2.312786] (-) TimerEvent: {}
[2.413377] (-) TimerEvent: {}
[2.464295] (pose_estimation) StdoutLine: {'line': b'running egg_info\n'}
[2.464853] (my_camera) StdoutLine: {'line': b'running egg_info\n'}
[2.465679] (pose_estimation) StdoutLine: {'line': b'writing ../../build/pose_estimation/pose_estimation.egg-info/PKG-INFO\n'}
[2.465875] (my_camera) StdoutLine: {'line': b'writing ../../build/my_camera/my_camera.egg-info/PKG-INFO\n'}
[2.466225] (pose_estimation) StdoutLine: {'line': b'writing dependency_links to ../../build/pose_estimation/pose_estimation.egg-info/dependency_links.txt\n'}
[2.466403] (my_camera) StdoutLine: {'line': b'writing dependency_links to ../../build/my_camera/my_camera.egg-info/dependency_links.txt\n'}
[2.466580] (pose_estimation) StdoutLine: {'line': b'writing entry points to ../../build/pose_estimation/pose_estimation.egg-info/entry_points.txt\n'}
[2.466744] (my_camera) StdoutLine: {'line': b'writing entry points to ../../build/my_camera/my_camera.egg-info/entry_points.txt\n'}
[2.466904] (pose_estimation) StdoutLine: {'line': b'writing requirements to ../../build/pose_estimation/pose_estimation.egg-info/requires.txt\n'}
[2.467084] (my_camera) StdoutLine: {'line': b'writing requirements to ../../build/my_camera/my_camera.egg-info/requires.txt\n'}
[2.467256] (pose_estimation) StdoutLine: {'line': b'writing top-level names to ../../build/pose_estimation/pose_estimation.egg-info/top_level.txt\n'}
[2.467380] (my_camera) StdoutLine: {'line': b'writing top-level names to ../../build/my_camera/my_camera.egg-info/top_level.txt\n'}
[2.470676] (pose_estimation) StdoutLine: {'line': b"reading manifest file '../../build/pose_estimation/pose_estimation.egg-info/SOURCES.txt'\n"}
[2.470929] (my_camera) StdoutLine: {'line': b"reading manifest file '../../build/my_camera/my_camera.egg-info/SOURCES.txt'\n"}
[2.471368] (my_camera) StdoutLine: {'line': b"adding license file 'LICENSE'\n"}
[2.472272] (pose_estimation) StdoutLine: {'line': b"writing manifest file '../../build/pose_estimation/pose_estimation.egg-info/SOURCES.txt'\n"}
[2.472568] (pose_estimation) StdoutLine: {'line': b'running build\n'}
[2.472944] (my_camera) StdoutLine: {'line': b"writing manifest file '../../build/my_camera/my_camera.egg-info/SOURCES.txt'\n"}
[2.473122] (pose_estimation) StdoutLine: {'line': b'running build_py\n'}
[2.473264] (my_camera) StdoutLine: {'line': b'running build\n'}
[2.473433] (my_camera) StdoutLine: {'line': b'running build_py\n'}
[2.473562] (pose_estimation) StdoutLine: {'line': b'running install\n'}
[2.473775] (my_camera) StdoutLine: {'line': b'running install\n'}
[2.473965] (pose_estimation) StdoutLine: {'line': b'running install_lib\n'}
[2.474418] (my_camera) StdoutLine: {'line': b'running install_lib\n'}
[2.476775] (pose_estimation) StdoutLine: {'line': b'running install_data\n'}
[2.477049] (pose_estimation) StdoutLine: {'line': b'running install_egg_info\n'}
[2.477217] (my_camera) StdoutLine: {'line': b'running install_data\n'}
[2.477432] (my_camera) StdoutLine: {'line': b'running install_egg_info\n'}
[2.480448] (pose_estimation) StdoutLine: {'line': b"removing '/home/astrobotics/arcuo/install/pose_estimation/lib/python3.10/site-packages/pose_estimation-0.0.0-py3.10.egg-info' (and everything under it)\n"}
[2.480763] (my_camera) StdoutLine: {'line': b"removing '/home/astrobotics/arcuo/install/my_camera/lib/python3.10/site-packages/my_camera-0.0.0-py3.10.egg-info' (and everything under it)\n"}
[2.481280] (pose_estimation) StdoutLine: {'line': b'Copying ../../build/pose_estimation/pose_estimation.egg-info to /home/astrobotics/arcuo/install/pose_estimation/lib/python3.10/site-packages/pose_estimation-0.0.0-py3.10.egg-info\n'}
[2.481508] (my_camera) StdoutLine: {'line': b'Copying ../../build/my_camera/my_camera.egg-info to /home/astrobotics/arcuo/install/my_camera/lib/python3.10/site-packages/my_camera-0.0.0-py3.10.egg-info\n'}
[2.483250] (pose_estimation) StdoutLine: {'line': b'running install_scripts\n'}
[2.483444] (my_camera) StdoutLine: {'line': b'running install_scripts\n'}
[2.513482] (-) TimerEvent: {}
[2.527225] (pose_estimation) StdoutLine: {'line': b'Installing aruco_node script to /home/astrobotics/arcuo/install/pose_estimation/lib/pose_estimation\n'}
[2.527580] (my_camera) StdoutLine: {'line': b'Installing ip_stream_node script to /home/astrobotics/arcuo/install/my_camera/lib/my_camera\n'}
[2.527799] (my_camera) StdoutLine: {'line': b'Installing usbcam_node script to /home/astrobotics/arcuo/install/my_camera/lib/my_camera\n'}
[2.527976] (my_camera) StdoutLine: {'line': b'Installing webcam_node script to /home/astrobotics/arcuo/install/my_camera/lib/my_camera\n'}
[2.528164] (pose_estimation) StdoutLine: {'line': b"writing list of installed files to '/home/astrobotics/arcuo/build/pose_estimation/install.log'\n"}
[2.528634] (my_camera) StdoutLine: {'line': b"writing list of installed files to '/home/astrobotics/arcuo/build/my_camera/install.log'\n"}
[2.600167] (my_camera) CommandEnded: {'returncode': 0}
[2.614274] (-) TimerEvent: {}
[2.638651] (my_camera) JobEnded: {'identifier': 'my_camera', 'rc': 0}
[2.642901] (pose_estimation) CommandEnded: {'returncode': 0}
[2.661307] (pose_estimation) JobEnded: {'identifier': 'pose_estimation', 'rc': 0}
[2.663710] (-) EventReactorShutdown: {}
