[0.000000] (-) TimerEvent: {}
[0.000384] (my_camera) JobQueued: {'identifier': 'my_camera', 'dependencies': OrderedDict()}
[0.000646] (pose_estimation) JobQueued: {'identifier': 'pose_estimation', 'dependencies': OrderedDict()}
[0.001112] (my_camera) JobStarted: {'identifier': 'my_camera'}
[0.016752] (pose_estimation) JobStarted: {'identifier': 'pose_estimation'}
[0.099510] (-) TimerEvent: {}
[0.200079] (-) TimerEvent: {}
[0.300667] (-) TimerEvent: {}
[0.401237] (-) TimerEvent: {}
[0.501797] (-) TimerEvent: {}
[0.602460] (-) TimerEvent: {}
[0.703288] (-) TimerEvent: {}
[0.803862] (-) TimerEvent: {}
[0.904423] (-) TimerEvent: {}
[1.004984] (-) TimerEvent: {}
[1.105563] (-) TimerEvent: {}
[1.206222] (-) TimerEvent: {}
[1.306844] (-) TimerEvent: {}
[1.407451] (-) TimerEvent: {}
[1.508031] (-) TimerEvent: {}
[1.608620] (-) TimerEvent: {}
[1.709223] (-) TimerEvent: {}
[1.809852] (-) TimerEvent: {}
[1.910509] (-) TimerEvent: {}
[1.917663] (pose_estimation) Command: {'cmd': ['/usr/bin/python3', '-W', 'ignore:setup.py install is deprecated', 'setup.py', 'egg_info', '--egg-base', '../../build/pose_estimation', 'build', '--build-base', '/home/astrobotics/arcuo/build/pose_estimation/build', 'install', '--record', '/home/astrobotics/arcuo/build/pose_estimation/install.log', '--single-version-externally-managed', 'install_data'], 'cwd': '/home/astrobotics/arcuo/src/pose_estimation', 'env': {'USER': 'astrobotics', 'XDG_SESSION_TYPE': 'x11', 'SHLVL': '1', 'LD_LIBRARY_PATH': '/home/astrobotics/ros2_ws/install/zed_msgs/lib:/opt/ros/humble/opt/rviz_ogre_vendor/lib:/opt/ros/humble/lib/aarch64-linux-gnu:/opt/ros/humble/lib', 'HOME': '/home/astrobotics', 'OLDPWD': '/home/astrobotics', 'DESKTOP_SESSION': 'ubuntu', 'ROS_PYTHON_VERSION': '3', 'GNOME_SHELL_SESSION_MODE': 'ubuntu', 'GTK_MODULES': 'gail:atk-bridge', 'SYSTEMD_EXEC_PID': '2367', 'DBUS_SESSION_BUS_ADDRESS': 'unix:path=/run/user/1000/bus', 'COLORTERM': 'truecolor', 'IM_CONFIG_PHASE': '1', 'COLCON_PREFIX_PATH': '/home/astrobotics/ros2_ws/install', 'ROS_DISTRO': 'humble', 'GTK_IM_MODULE': 'ibus', 'LOGNAME': 'astrobotics', '_': '/usr/bin/colcon', 'ROS_VERSION': '2', 'XDG_SESSION_CLASS': 'user', 'USERNAME': 'astrobotics', 'TERM': 'xterm-256color', 'GNOME_DESKTOP_SESSION_ID': 'this-is-deprecated', 'ISAAC_ROS_WS': '/home/astrobotics/workspaces/isaac_ros-dev/', 'ROS_LOCALHOST_ONLY': '0', 'WINDOWPATH': '2', 'PATH': '/home/astrobotics/.local/bin:/opt/ros/humble/bin:/usr/local/sbin:/usr/local/bin:/usr/sbin:/usr/bin:/sbin:/bin:/usr/games:/usr/local/games:/snap/bin:/snap/bin', 'SESSION_MANAGER': 'local/astrobotics-desktop:@/tmp/.ICE-unix/2349,unix/astrobotics-desktop:/tmp/.ICE-unix/2349', 'XDG_MENU_PREFIX': 'gnome-', 'GNOME_TERMINAL_SCREEN': '/org/gnome/Terminal/screen/9769b179_75c7_4398_b235_3faa018d7212', 'XDG_RUNTIME_DIR': '/run/user/1000', 'DISPLAY': ':1', 'LANG': 'en_US.UTF-8', 'XDG_CURRENT_DESKTOP': 'ubuntu:GNOME', 'XMODIFIERS': '@im=ibus', 'XDG_SESSION_DESKTOP': 'ubuntu', 'XAUTHORITY': '/run/user/1000/gdm/Xauthority', 'GNOME_TERMINAL_SERVICE': ':1.104', 'SSH_AGENT_LAUNCHER': 'gnome-keyring', 'SSH_AUTH_SOCK': '/run/user/1000/keyring/ssh', 'AMENT_PREFIX_PATH': '/home/astrobotics/ros2_ws/install/zed_msgs:/opt/ros/humble', 'SHELL': '/bin/bash', 'QT_ACCESSIBILITY': '1', 'GDMSESSION': 'ubuntu', 'GPG_AGENT_INFO': '/run/user/1000/gnupg/S.gpg-agent:0:1', 'QT_IM_MODULE': 'ibus', 'PWD': '/home/astrobotics/arcuo/build/pose_estimation', 'LC_ALL': 'en_US.UTF-8', 'XDG_CONFIG_DIRS': '/etc/xdg/xdg-ubuntu:/etc/xdg', 'XDG_DATA_DIRS': '/usr/share/ubuntu:/usr/share/gnome:/usr/local/share/:/usr/share/:/var/lib/snapd/desktop', 'PYTHONPATH': '/home/astrobotics/arcuo/build/pose_estimation/prefix_override:/usr/lib/python3/dist-packages/colcon_core/task/python/colcon_distutils_commands:/home/astrobotics/arcuo/install/pose_estimation/lib/python3.10/site-packages:/home/astrobotics/ros2_ws/install/zed_msgs/local/lib/python3.10/dist-packages:/opt/ros/humble/lib/python3.10/site-packages:/opt/ros/humble/local/lib/python3.10/dist-packages', 'COLCON': '1', 'VTE_VERSION': '6800', 'CMAKE_PREFIX_PATH': '/home/astrobotics/ros2_ws/install/zed_msgs'}, 'shell': False}
[1.929089] (my_camera) Command: {'cmd': ['/usr/bin/python3', '-W', 'ignore:setup.py install is deprecated', 'setup.py', 'egg_info', '--egg-base', '../../build/my_camera', 'build', '--build-base', '/home/astrobotics/arcuo/build/my_camera/build', 'install', '--record', '/home/astrobotics/arcuo/build/my_camera/install.log', '--single-version-externally-managed', 'install_data'], 'cwd': '/home/astrobotics/arcuo/src/my_camera', 'env': {'USER': 'astrobotics', 'XDG_SESSION_TYPE': 'x11', 'SHLVL': '1', 'LD_LIBRARY_PATH': '/home/astrobotics/ros2_ws/install/zed_msgs/lib:/opt/ros/humble/opt/rviz_ogre_vendor/lib:/opt/ros/humble/lib/aarch64-linux-gnu:/opt/ros/humble/lib', 'HOME': '/home/astrobotics', 'OLDPWD': '/home/astrobotics', 'DESKTOP_SESSION': 'ubuntu', 'ROS_PYTHON_VERSION': '3', 'GNOME_SHELL_SESSION_MODE': 'ubuntu', 'GTK_MODULES': 'gail:atk-bridge', 'SYSTEMD_EXEC_PID': '2367', 'DBUS_SESSION_BUS_ADDRESS': 'unix:path=/run/user/1000/bus', 'COLORTERM': 'truecolor', 'IM_CONFIG_PHASE': '1', 'COLCON_PREFIX_PATH': '/home/astrobotics/ros2_ws/install', 'ROS_DISTRO': 'humble', 'GTK_IM_MODULE': 'ibus', 'LOGNAME': 'astrobotics', '_': '/usr/bin/colcon', 'ROS_VERSION': '2', 'XDG_SESSION_CLASS': 'user', 'USERNAME': 'astrobotics', 'TERM': 'xterm-256color', 'GNOME_DESKTOP_SESSION_ID': 'this-is-deprecated', 'ISAAC_ROS_WS': '/home/astrobotics/workspaces/isaac_ros-dev/', 'ROS_LOCALHOST_ONLY': '0', 'WINDOWPATH': '2', 'PATH': '/home/astrobotics/.local/bin:/opt/ros/humble/bin:/usr/local/sbin:/usr/local/bin:/usr/sbin:/usr/bin:/sbin:/bin:/usr/games:/usr/local/games:/snap/bin:/snap/bin', 'SESSION_MANAGER': 'local/astrobotics-desktop:@/tmp/.ICE-unix/2349,unix/astrobotics-desktop:/tmp/.ICE-unix/2349', 'XDG_MENU_PREFIX': 'gnome-', 'GNOME_TERMINAL_SCREEN': '/org/gnome/Terminal/screen/9769b179_75c7_4398_b235_3faa018d7212', 'XDG_RUNTIME_DIR': '/run/user/1000', 'DISPLAY': ':1', 'LANG': 'en_US.UTF-8', 'XDG_CURRENT_DESKTOP': 'ubuntu:GNOME', 'XMODIFIERS': '@im=ibus', 'XDG_SESSION_DESKTOP': 'ubuntu', 'XAUTHORITY': '/run/user/1000/gdm/Xauthority', 'GNOME_TERMINAL_SERVICE': ':1.104', 'SSH_AGENT_LAUNCHER': 'gnome-keyring', 'SSH_AUTH_SOCK': '/run/user/1000/keyring/ssh', 'AMENT_PREFIX_PATH': '/home/astrobotics/ros2_ws/install/zed_msgs:/opt/ros/humble', 'SHELL': '/bin/bash', 'QT_ACCESSIBILITY': '1', 'GDMSESSION': 'ubuntu', 'GPG_AGENT_INFO': '/run/user/1000/gnupg/S.gpg-agent:0:1', 'QT_IM_MODULE': 'ibus', 'PWD': '/home/astrobotics/arcuo/build/my_camera', 'LC_ALL': 'en_US.UTF-8', 'XDG_CONFIG_DIRS': '/etc/xdg/xdg-ubuntu:/etc/xdg', 'XDG_DATA_DIRS': '/usr/share/ubuntu:/usr/share/gnome:/usr/local/share/:/usr/share/:/var/lib/snapd/desktop', 'PYTHONPATH': '/home/astrobotics/arcuo/build/my_camera/prefix_override:/usr/lib/python3/dist-packages/colcon_core/task/python/colcon_distutils_commands:/home/astrobotics/arcuo/install/my_camera/lib/python3.10/site-packages:/home/astrobotics/ros2_ws/install/zed_msgs/local/lib/python3.10/dist-packages:/opt/ros/humble/lib/python3.10/site-packages:/opt/ros/humble/local/lib/python3.10/dist-packages', 'COLCON': '1', 'VTE_VERSION': '6800', 'CMAKE_PREFIX_PATH': '/home/astrobotics/ros2_ws/install/zed_msgs'}, 'shell': False}
[2.010630] (-) TimerEvent: {}
[2.111387] (-) TimerEvent: {}
[2.211994] (-) TimerEvent: {}
[2.312564] (-) TimerEvent: {}
[2.413131] (-) TimerEvent: {}
[2.415795] (pose_estimation) StdoutLine: {'line': b'running egg_info\n'}
[2.417187] (pose_estimation) StdoutLine: {'line': b'writing ../../build/pose_estimation/pose_estimation.egg-info/PKG-INFO\n'}
[2.417849] (pose_estimation) StdoutLine: {'line': b'writing dependency_links to ../../build/pose_estimation/pose_estimation.egg-info/dependency_links.txt\n'}
[2.418317] (pose_estimation) StdoutLine: {'line': b'writing entry points to ../../build/pose_estimation/pose_estimation.egg-info/entry_points.txt\n'}
[2.418592] (pose_estimation) StdoutLine: {'line': b'writing requirements to ../../build/pose_estimation/pose_estimation.egg-info/requires.txt\n'}
[2.418772] (pose_estimation) StdoutLine: {'line': b'writing top-level names to ../../build/pose_estimation/pose_estimation.egg-info/top_level.txt\n'}
[2.421128] (my_camera) StdoutLine: {'line': b'running egg_info\n'}
[2.422591] (pose_estimation) StdoutLine: {'line': b"reading manifest file '../../build/pose_estimation/pose_estimation.egg-info/SOURCES.txt'\n"}
[2.422765] (my_camera) StdoutLine: {'line': b'writing ../../build/my_camera/my_camera.egg-info/PKG-INFO\n'}
[2.423152] (my_camera) StdoutLine: {'line': b'writing dependency_links to ../../build/my_camera/my_camera.egg-info/dependency_links.txt\n'}
[2.423594] (my_camera) StdoutLine: {'line': b'writing entry points to ../../build/my_camera/my_camera.egg-info/entry_points.txt\n'}
[2.424039] (my_camera) StdoutLine: {'line': b'writing requirements to ../../build/my_camera/my_camera.egg-info/requires.txt\n'}
[2.424376] (my_camera) StdoutLine: {'line': b'writing top-level names to ../../build/my_camera/my_camera.egg-info/top_level.txt\n'}
[2.424541] (pose_estimation) StdoutLine: {'line': b"writing manifest file '../../build/pose_estimation/pose_estimation.egg-info/SOURCES.txt'\n"}
[2.424688] (pose_estimation) StdoutLine: {'line': b'running build\n'}
[2.424862] (pose_estimation) StdoutLine: {'line': b'running build_py\n'}
[2.425032] (pose_estimation) StdoutLine: {'line': b'running install\n'}
[2.425628] (pose_estimation) StdoutLine: {'line': b'running install_lib\n'}
[2.428134] (my_camera) StdoutLine: {'line': b"reading manifest file '../../build/my_camera/my_camera.egg-info/SOURCES.txt'\n"}
[2.428362] (pose_estimation) StdoutLine: {'line': b'running install_data\n'}
[2.428542] (pose_estimation) StdoutLine: {'line': b'copying package.xml -> /home/astrobotics/arcuo/install/pose_estimation/share/pose_estimation\n'}
[2.428756] (my_camera) StdoutLine: {'line': b"adding license file 'LICENSE'\n"}
[2.428910] (pose_estimation) StdoutLine: {'line': b'running install_egg_info\n'}
[2.429739] (my_camera) StdoutLine: {'line': b"writing manifest file '../../build/my_camera/my_camera.egg-info/SOURCES.txt'\n"}
[2.429940] (my_camera) StdoutLine: {'line': b'running build\n'}
[2.430100] (my_camera) StdoutLine: {'line': b'running build_py\n'}
[2.430889] (my_camera) StdoutLine: {'line': b'running install\n'}
[2.431513] (my_camera) StdoutLine: {'line': b'running install_lib\n'}
[2.432290] (pose_estimation) StdoutLine: {'line': b"removing '/home/astrobotics/arcuo/install/pose_estimation/lib/python3.10/site-packages/pose_estimation-0.0.0-py3.10.egg-info' (and everything under it)\n"}
[2.433008] (pose_estimation) StdoutLine: {'line': b'Copying ../../build/pose_estimation/pose_estimation.egg-info to /home/astrobotics/arcuo/install/pose_estimation/lib/python3.10/site-packages/pose_estimation-0.0.0-py3.10.egg-info\n'}
[2.434379] (my_camera) StdoutLine: {'line': b'running install_data\n'}
[2.434604] (my_camera) StdoutLine: {'line': b'running install_egg_info\n'}
[2.434975] (pose_estimation) StdoutLine: {'line': b'running install_scripts\n'}
[2.437943] (my_camera) StdoutLine: {'line': b"removing '/home/astrobotics/arcuo/install/my_camera/lib/python3.10/site-packages/my_camera-0.0.0-py3.10.egg-info' (and everything under it)\n"}
[2.438695] (my_camera) StdoutLine: {'line': b'Copying ../../build/my_camera/my_camera.egg-info to /home/astrobotics/arcuo/install/my_camera/lib/python3.10/site-packages/my_camera-0.0.0-py3.10.egg-info\n'}
[2.440397] (my_camera) StdoutLine: {'line': b'running install_scripts\n'}
[2.478539] (pose_estimation) StdoutLine: {'line': b'Installing aruco_node script to /home/astrobotics/arcuo/install/pose_estimation/lib/pose_estimation\n'}
[2.479409] (pose_estimation) StdoutLine: {'line': b"writing list of installed files to '/home/astrobotics/arcuo/build/pose_estimation/install.log'\n"}
[2.483734] (my_camera) StdoutLine: {'line': b'Installing ip_stream_node script to /home/astrobotics/arcuo/install/my_camera/lib/my_camera\n'}
[2.484088] (my_camera) StdoutLine: {'line': b'Installing usbcam_node script to /home/astrobotics/arcuo/install/my_camera/lib/my_camera\n'}
[2.484290] (my_camera) StdoutLine: {'line': b'Installing webcam_node script to /home/astrobotics/arcuo/install/my_camera/lib/my_camera\n'}
[2.485078] (my_camera) StdoutLine: {'line': b"writing list of installed files to '/home/astrobotics/arcuo/build/my_camera/install.log'\n"}
[2.513297] (-) TimerEvent: {}
[2.548058] (pose_estimation) CommandEnded: {'returncode': 0}
[2.573792] (pose_estimation) JobEnded: {'identifier': 'pose_estimation', 'rc': 0}
[2.578026] (my_camera) CommandEnded: {'returncode': 0}
[2.598667] (my_camera) JobEnded: {'identifier': 'my_camera', 'rc': 0}
[2.600495] (-) EventReactorShutdown: {}
